<?xml version="1.0" encoding="UTF-8"?>
<!-- Generated by org.testng.reporters.JUnitReportReporter -->
<testsuite hostname="kittucherry" failures="0" tests="2" name="com.Amazokart.kidsproducttest.KidsProductTest2" time="0.002" errors="0" timestamp="2024-08-02T12:07:36 IST" skipped="0">
  <testcase classname="com.Amazokart.kidsproducttest.KidsProductTest2" name="addProduct" time="0.001"/>
  <system-out>
    <![CDATA[addproduct--Electronic PRD 2 Sucessfull]]>
  </system-out>
  <testcase classname="com.Amazokart.kidsproducttest.KidsProductTest2" name="addProduct" time="0.001"/>
  <system-out>
    <![CDATA[addproduct--Electronic PRD 2 Sucessfull]]>
  </system-out>
</testsuite> <!-- com.Amazokart.kidsproducttest.KidsProductTest2 -->
