<?xml version="1.0" encoding="UTF-8"?>
<!-- Generated by org.testng.reporters.JUnitReportReporter -->
<testsuite hostname="kittucherry" failures="0" tests="1" name="Demotestcases.TC2" time="0.002" errors="0" timestamp="2024-08-07T11:00:00 IST" skipped="0">
  <testcase classname="Demotestcases.TC2" name="m2" time="0.002">
    <system-out>
      <![CDATA[Tc2 executed]]>
    </system-out>
  </testcase> <!-- m2 -->
  <system-out>
    <![CDATA[Tc1 executed
Tc2 executed]]>
  </system-out>
</testsuite> <!-- Demotestcases.TC2 -->
