<?xml version="1.0" encoding="UTF-8"?>
<!-- Generated by org.testng.reporters.JUnitReportReporter -->
<testsuite hostname="kittucherry" failures="0" tests="2" name="Demotestcases.DataProvideTest" time="16.154" errors="0" timestamp="2024-07-25T15:25:48 IST" skipped="0">
  <testcase classname="Demotestcases.DataProvideTest" name="login" time="7.037"/>
  <system-out/>
  <testcase classname="Demotestcases.DataProvideTest" name="login" time="9.117"/>
  <system-out/>
</testsuite> <!-- Demotestcases.DataProvideTest -->
