<?xml version="1.0" encoding="UTF-8"?>
<!-- Generated by org.testng.reporters.JUnitReportReporter -->
<testsuite hostname="kittucherry" failures="0" tests="1" name="Demotestcases.TC1" time="0.030" errors="0" timestamp="2024-08-07T11:00:00 IST" skipped="0">
  <testcase classname="Demotestcases.TC1" name="m1" time="0.030">
    <system-out>
      <![CDATA[Tc1 executed]]>
    </system-out>
  </testcase> <!-- m1 -->
  <system-out>
    <![CDATA[Tc1 executed
Tc2 executed]]>
  </system-out>
</testsuite> <!-- Demotestcases.TC1 -->
