<?xml version="1.0" encoding="UTF-8"?>
<!-- Generated by org.testng.reporters.JUnitReportReporter -->
<testsuite hostname="kittucherry" failures="0" tests="2" name="com.Amazokart.kidsproducttest.KidsProductTest3" time="0.001" errors="0" timestamp="2024-08-02T12:07:36 IST" skipped="1">
  <testcase classname="com.Amazokart.kidsproducttest.KidsProductTest3" name="addProduct" time="0.001"/>
  <system-out>
    <![CDATA[addproduct--Electronic PRD 3 Sucessfull]]>
  </system-out>
  <testcase classname="com.Amazokart.kidsproducttest.KidsProductTest3" name="deleteproduct">
    <skipped/>
  </testcase> <!-- deleteproduct -->
  <system-out/>
</testsuite> <!-- com.Amazokart.kidsproducttest.KidsProductTest3 -->
