<?xml version="1.0" encoding="UTF-8"?>
<!-- Generated by org.testng.reporters.JUnitReportReporter -->
<testsuite hostname="kittucherry" failures="0" tests="3" name="com.Amazokart.kidsproducttest.KidsProductTest1" time="0.012" errors="0" timestamp="2024-08-02T12:07:36 IST" skipped="1">
  <testcase classname="com.Amazokart.kidsproducttest.KidsProductTest1" name="addproduct" time="0.002"/>
  <system-out>
    <![CDATA[addproduct-- Electronic PRD  1Sucessfully]]>
  </system-out>
  <testcase classname="com.Amazokart.kidsproducttest.KidsProductTest1" name="addproduct" time="0.010"/>
  <system-out>
    <![CDATA[addproduct-- Electronic PRD  1Sucessfully]]>
  </system-out>
  <testcase classname="com.Amazokart.kidsproducttest.KidsProductTest1" name="deleteProduct">
    <skipped/>
  </testcase> <!-- deleteProduct -->
  <system-out/>
</testsuite> <!-- com.Amazokart.kidsproducttest.KidsProductTest1 -->
